
----------------------------------------------------------------------
---------------------- SF GIANTS THANK YOU ---------------------------
----------------------------------------------------------------------
                                             powered by CSC 220 @ SFSU 
Pick a language: TimeZone: ----------------------------------------------------------------------
Language:                 ENGLISH                                            
Time Zone:                Pacific Daylight Time in Daylight Saving Time      
Color Sequences:          ANSI                                               
Standard Output Log:      ./src/assignment02PartB/log/StandardOut.log        
Standard Error Log:       ./src/assignment02PartB/log/StandardErr.log        
Receipt Log:              ./src/assignment02PartB/log/Receipt-*-*.log        
Default University:       San Francisco State University                     
Default Club:             San Francisco Giants                               
----------------------------------------------------------------------

SF Giants: Welcome to the SAN FRANCISCO GIANTS!
----------------------------------------------------------------------
Club:                     San Francisco Giants                              
Short Name:               SF Giants                                         
Established In:           1883                                              
Colors:                   Orange, Black, Gold, Cream                        
Ball Park:                Oracle Park                                       
World Series Titles:      8                                                 
NL Pennants:              23                                                
Wild Card Berths          3                                                 
Owners                    San Francisco Baseball Association                
President:                Farhan Zadai                                      
General Manager:          Scott Harris                                      
Manager                   Gabe Kepler                                       
----------------------------------------------------------------------

SF Giants: Your first name and last name, please: SF Giants: Your school email address, please: 
durand dyer: Welcome to my university!
----------------------------------------------------------------------
Official Name:            San Francisco State University                    
Motto In Latin:           Experientia Docet                                 
Motto In English:         Experience Teaches                                
Type:                     Public                                            
Year Of Establishment:    1999                                              
Location:                 San Francisco, California, United States          
Address:                  1600 Holloway Avenue, San Francisco, CA 94132     
Colors:                   Purple, Gold                                      
Nickname:                 Gators                                            
Mascot:                   Gator                                             
Website:                  www.sfsu.edu                                      
----------------------------------------------------------------------

SF Giants :  We are connecting you with our player...
. . . . .
----------------------------------------------------------------------
Player                    Buster Posey                                       
Club:                     San Francisco Giants                              
Position:                 Catcher                                           
Number:                   28                                                
Bats:                     Right                                             
Throws:                   Right                                             
MLB Debut:                2009                                              
----------------------------------------------------------------------
. . . . .
Buster Posey, 28: Hello durand. C-O-N-G-R-A-T-U-L-A-T-I-O-N-S!
Buster Posey, 28: SAN FRANCISCO STATE UNIVERSITY. Way to go!
durand dyer: Buster Posey, 28: Likewise, durand. Very nice chatting w/ you.
Buster Posey, 28: How many SF Giants Thank You cards would you like to order?
durand dyer: Buster Posey, 28:  In 2 lines, please provide
	[1] Recipients name
	[2] Art symbol (a character)
	[3] Message to recipient
Buster Posey, 28: Card #1:
durand dyer: [1] durand dyer: [2] durand dyer: [3] Buster Posey, 28: Card #2:
durand dyer: [1] durand dyer: [2] durand dyer: [3] 
Buster Posey, 28: Thanks durand. Please confirm your order
SF GIANTS - - - - SF GIANTS - - - - SF GIANTS - - - - SF GIANTS - - - - SF GIANTS - - - - SF    
SF                                                                                        SF       
SF        $$$$$$   $                       $                                                       $$     SF       
SF          $      $                       $                                                          $   SF       
SF          $      $                       $                                                          $   SF       
SF          $      $  $       $    $  $    $              $        $  $   $   $              $            SF       
SF          $      $  $        $   $  $    $               $  $   $    $  $   $                      $    SF       
SF          $      $  $    $   $   $  $    $$$             $  $   $    $  $   $           $           $   SF       
SF          $      $  $   $    $   $  $    $                 $    $    $  $   $              $            SF       
SF          $      $  $   $   $$   $  $    $  $             $$     $  $    $  $                       $   SF       
SF          $      $  $     $  $   $  $    $   $            $       $$        $                    $$     SF       
SF                                                          $                                             SF       
SF                                                         $                                              SF       
SF                                                                                        SF       
SF GIANTS - - - - SF GIANTS - - - - SF GIANTS - - - - SF GIANTS - - - - SF GIANTS - - - - SF    
SF                                                                                        SF       
SF       hi,                                                                              SF    
SF             durand                                                                     SF    
SF       Love,                                                                            SF    
SF       ddb@sfsu.edu                                                                     SF    
SF                                                                                        SF       
SF                                                                          bob / Yahoo   SF    
SF GIANTS - - - - SF GIANTS - - - - SF GIANTS - - - - SF GIANTS - - - - SF GIANTS - - - - SF    

SF GIANTS - - - - SF GIANTS - - - - SF GIANTS - - - - SF GIANTS - - - - SF GIANTS - - - - SF    
SF                                                                                        SF       
SF        ******   *                       *                                                       **     SF       
SF          *      *                       *                                                          *   SF       
SF          *      *                       *                                                          *   SF       
SF          *      *  *       *    *  *    *              *        *  *   *   *              *            SF       
SF          *      *  *        *   *  *    *               *  *   *    *  *   *                      *    SF       
SF          *      *  *    *   *   *  *    ***             *  *   *    *  *   *           *           *   SF       
SF          *      *  *   *    *   *  *    *                 *    *    *  *   *              *            SF       
SF          *      *  *   *   **   *  *    *  *             **     *  *    *  *                       *   SF       
SF          *      *  *     *  *   *  *    *   *            *       **        *                    **     SF       
SF                                                          *                                             SF       
SF                                                         *                                              SF       
SF                                                                                        SF       
SF GIANTS - - - - SF GIANTS - - - - SF GIANTS - - - - SF GIANTS - - - - SF GIANTS - - - - SF    
SF                                                                                        SF       
SF       hello,                                                                           SF    
SF             durand                                                                     SF    
SF       Love,                                                                            SF    
SF       ddb@sfsu.edu                                                                     SF    
SF                                                                                        SF       
SF                                                                        marry / Yahoo   SF    
SF GIANTS - - - - SF GIANTS - - - - SF GIANTS - - - - SF GIANTS - - - - SF GIANTS - - - - SF    





