
----------------------------------------------------------------------
---------------------- SF GIANTS THANK YOU ---------------------------
----------------------------------------------------------------------
                                             powered by CSC 220 @ SFSU 
Language: TimeZone: ----------------------------------------------------------------------
Language:                 ENGLISH                                            
Time Zone:                Eastern Daylight Time in Daylight Saving Time      
Color Sequences:          ANSI                                               
Standard Output Log:      ./src/assignment02PartB/log/StandardOut.log        
Standard Error Log:       ./src/assignment02PartB/log/StandardErr.log        
Receipt Log:              ./src/assignment02PartB/log/Receipt-*-*.log        
Default University:       San Francisco State University                     
Default Club:             San Francisco Giants                               
----------------------------------------------------------------------
2025/06/21 03:53:07 [0624ms] PM EDT - Chat session started

SF Giants: Welcome to the SAN FRANCISCO GIANTS!
----------------------------------------------------------------------
Club:                     San Francisco Giants                              
Short Name:               SF Giants                                         
Established In:           1883                                              
Colors:                   Orange, Black, Gold, Cream                        
Ball Park:                Oracle Park                                       
World Series Titles:      8                                                 
NL Pennants:              23                                                
Wild Card Berths          3                                                 
Owners                    San Francisco Baseball Association                
President:                Farhan Zaidi                                      
General Manager:          Scott Harris                                      
Manager                   Gabe Kapler                                       
----------------------------------------------------------------------

SF Giants: Your first name and last name, please: 